<?xml version="1.0" encoding="UTF-8"?>
<!-- Generated by org.testng.reporters.JUnitXMLReporter -->
<testsuite hostname="192-168-1-7.tpgi.com.au" ignored="0" name="Login To Xero" tests="2" failures="1" timestamp="21 Jan 2019 11:44:48 GMT" time="5.244" errors="0">
  <testcase name="alternateLogin" time="0.004" classname="xeroLogin.xeroLogin.Login">
    <failure type="java.lang.NullPointerException">
      <![CDATA[java.lang.NullPointerException
	at xeroLogin.xeroLogin.Login.alternateLogin(Login.java:43)
... Removed 25 stack frames]]>
    </failure>
  </testcase> <!-- alternateLogin -->
  <testcase name="login" time="5.219" classname="xeroLogin.xeroLogin.Login"/>
</testsuite> <!-- Login To Xero -->
